\BOOKMARK [1][]{section.1}{Introduction}{}% 1
\BOOKMARK [2][]{subsection.1.1}{Deep learning}{section.1}% 2
\BOOKMARK [2][]{subsection.1.2}{Terms of Referencee}{section.1}% 3
\BOOKMARK [1][]{section.2}{Methodological fundamentals}{}% 4
\BOOKMARK [2][]{subsection.2.1}{Common Frameworks for Deep Learning Applications}{section.2}% 5
\BOOKMARK [3][]{subsubsection.2.1.1}{Tensorflow}{subsection.2.1}% 6
\BOOKMARK [3][]{subsubsection.2.1.2}{Keras}{subsection.2.1}% 7
\BOOKMARK [3][]{subsubsection.2.1.3}{Caffe}{subsection.2.1}% 8
\BOOKMARK [3][]{subsubsection.2.1.4}{Torch and PyTorch}{subsection.2.1}% 9
\BOOKMARK [2][]{subsection.2.2}{Common Models in Deep Learning Applications}{section.2}% 10
\BOOKMARK [2][]{subsection.2.3}{Qualified Models for mobile App Integration}{section.2}% 11
\BOOKMARK [2][]{subsection.2.4}{Key requirements for an appropriate dataset}{section.2}% 12
\BOOKMARK [1][]{section.3}{Concept}{}% 13
\BOOKMARK [2][]{subsection.3.1}{Frameworks}{section.3}% 14
\BOOKMARK [2][]{subsection.3.2}{Model based Architectures}{section.3}% 15
\BOOKMARK [2][]{subsection.3.3}{Application based Architecture}{section.3}% 16
\BOOKMARK [1][]{section.4}{Realization}{}% 17
\BOOKMARK [2][]{subsection.4.1}{dataset}{section.4}% 18
\BOOKMARK [2][]{subsection.4.2}{hardware environment}{section.4}% 19
\BOOKMARK [2][]{subsection.4.3}{software environment}{section.4}% 20
\BOOKMARK [2][]{subsection.4.4}{installation of software}{section.4}% 21
\BOOKMARK [3][]{subsubsection.4.4.1}{Tensorflow based on Python}{subsection.4.4}% 22
\BOOKMARK [3][]{subsubsection.4.4.2}{Tensorflow based on Bazel}{subsection.4.4}% 23
\BOOKMARK [3][]{subsubsection.4.4.3}{Installing Android Studio and its Delevopment Kit}{subsection.4.4}% 24
\BOOKMARK [2][]{subsection.4.5}{building the models}{section.4}% 25
\BOOKMARK [2][]{subsection.4.6}{Output Tests and Validation}{section.4}% 26
\BOOKMARK [2][]{subsection.4.7}{Implementation of an native Android App}{section.4}% 27
\BOOKMARK [2][]{subsection.4.8}{Deployment and Validation}{section.4}% 28
\BOOKMARK [1][]{section.5}{Evaluation}{}% 29
\BOOKMARK [1][]{section.6}{Conclusion}{}% 30
\BOOKMARK [1][]{lstnumber.1.25}{Bibliography}{}% 31
\BOOKMARK [1][]{section*.3}{List of figures}{}% 32
