\BOOKMARK [1][]{section.1}{Introduction}{}% 1
\BOOKMARK [2][]{subsection.1.1}{Deep learning and Machine learning}{section.1}% 2
\BOOKMARK [2][]{subsection.1.2}{Terms of Referencee}{section.1}% 3
\BOOKMARK [1][]{section.2}{Methodology}{}% 4
\BOOKMARK [2][]{subsection.2.1}{Common Frameworks for Deep Learning Applications}{section.2}% 5
\BOOKMARK [2][]{subsection.2.2}{Qualified Models for mobile App Integration}{section.2}% 6
\BOOKMARK [2][]{subsection.2.3}{Key requirements for an appropriate dataset}{section.2}% 7
\BOOKMARK [2][]{subsection.2.4}{General Software Requirements}{section.2}% 8
\BOOKMARK [1][]{section.3}{Concept}{}% 9
\BOOKMARK [2][]{subsection.3.1}{Model based Architectures}{section.3}% 10
\BOOKMARK [2][]{subsection.3.2}{Application based Architecture}{section.3}% 11
\BOOKMARK [1][]{section.4}{Realisation}{}% 12
\BOOKMARK [2][]{subsection.4.1}{Installation of the software components}{section.4}% 13
\BOOKMARK [2][]{subsection.4.2}{Tensorflow based on Python}{section.4}% 14
\BOOKMARK [2][]{subsection.4.3}{Tensorflow based on Bazel}{section.4}% 15
\BOOKMARK [2][]{subsection.4.4}{Installing Android Studio and its Delevopment Kit}{section.4}% 16
\BOOKMARK [2][]{subsection.4.5}{Retraining the pre-trained Models}{section.4}% 17
\BOOKMARK [2][]{subsection.4.6}{Output Tests and Validation}{section.4}% 18
\BOOKMARK [2][]{subsection.4.7}{Implementation of an native Android App}{section.4}% 19
\BOOKMARK [2][]{subsection.4.8}{Deployment and Validation}{section.4}% 20
\BOOKMARK [1][]{section.5}{Evaluation}{}% 21
\BOOKMARK [1][]{section.6}{Conclusion}{}% 22
